<?xml version="1.0" encoding="UTF-8"?>
<!-- Generated by org.testng.reporters.JUnitReportReporter -->
<testsuite hostname="LAPTOP-JF6MUSMN" failures="0" tests="2" name="testscripts.TestScript1" time="19.206" errors="0" timestamp="2024-03-10T10:48:34 IST" skipped="0">
  <testcase classname="testscripts.TestScript1" name="FullflowTest" time="6.591"/>
  <testcase classname="testscripts.TestScript1" name="FullflowTest2" time="12.615"/>
</testsuite> <!-- testscripts.TestScript1 -->
